2017-01-04 15:51:23  [ nioEventLoopGroup-2-2:0 ] - [ WARN ]  Failed to release a message: PooledUnsafeDirectByteBuf(freed)
io.netty.util.IllegalReferenceCountException: refCnt: 0, decrement: 1
	at io.netty.buffer.AbstractReferenceCountedByteBuf.release0(AbstractReferenceCountedByteBuf.java:110)
	at io.netty.buffer.AbstractReferenceCountedByteBuf.release(AbstractReferenceCountedByteBuf.java:98)
	at io.netty.util.ReferenceCountUtil.release(ReferenceCountUtil.java:84)
	at io.netty.util.ReferenceCountUtil.safeRelease(ReferenceCountUtil.java:109)
	at io.netty.channel.ChannelOutboundBuffer.remove0(ChannelOutboundBuffer.java:296)
	at io.netty.channel.ChannelOutboundBuffer.failFlushed(ChannelOutboundBuffer.java:621)
	at io.netty.channel.AbstractChannel$AbstractUnsafe.flush0(AbstractChannel.java:869)
	at io.netty.channel.nio.AbstractNioChannel$AbstractNioUnsafe.flush0(AbstractNioChannel.java:362)
	at io.netty.channel.AbstractChannel$AbstractUnsafe.flush(AbstractChannel.java:823)
	at io.netty.channel.DefaultChannelPipeline$HeadContext.flush(DefaultChannelPipeline.java:1296)
	at io.netty.channel.AbstractChannelHandlerContext.invokeFlush0(AbstractChannelHandlerContext.java:787)
	at io.netty.channel.AbstractChannelHandlerContext.invokeWriteAndFlush(AbstractChannelHandlerContext.java:813)
	at io.netty.channel.AbstractChannelHandlerContext.write(AbstractChannelHandlerContext.java:825)
	at io.netty.channel.AbstractChannelHandlerContext.writeAndFlush(AbstractChannelHandlerContext.java:805)
	at io.netty.channel.AbstractChannelHandlerContext.writeAndFlush(AbstractChannelHandlerContext.java:842)
	at com.wxmimperio.netty.server.EchoServerHandler.channelReadComplete(EchoServerHandler.java:25)
	at io.netty.channel.AbstractChannelHandlerContext.invokeChannelReadComplete(AbstractChannelHandlerContext.java:409)
	at io.netty.channel.AbstractChannelHandlerContext.invokeChannelReadComplete(AbstractChannelHandlerContext.java:391)
	at io.netty.channel.AbstractChannelHandlerContext.fireChannelReadComplete(AbstractChannelHandlerContext.java:384)
	at io.netty.channel.DefaultChannelPipeline$HeadContext.channelReadComplete(DefaultChannelPipeline.java:1339)
	at io.netty.channel.AbstractChannelHandlerContext.invokeChannelReadComplete(AbstractChannelHandlerContext.java:409)
	at io.netty.channel.AbstractChannelHandlerContext.invokeChannelReadComplete(AbstractChannelHandlerContext.java:391)
	at io.netty.channel.DefaultChannelPipeline.fireChannelReadComplete(DefaultChannelPipeline.java:932)
	at io.netty.channel.nio.AbstractNioByteChannel$NioByteUnsafe.read(AbstractNioByteChannel.java:134)
	at io.netty.channel.nio.NioEventLoop.processSelectedKey(NioEventLoop.java:651)
	at io.netty.channel.nio.NioEventLoop.processSelectedKeysOptimized(NioEventLoop.java:574)
	at io.netty.channel.nio.NioEventLoop.processSelectedKeys(NioEventLoop.java:488)
	at io.netty.channel.nio.NioEventLoop.run(NioEventLoop.java:450)
	at io.netty.util.concurrent.SingleThreadEventExecutor$5.run(SingleThreadEventExecutor.java:873)
	at io.netty.util.concurrent.DefaultThreadFactory$DefaultRunnableDecorator.run(DefaultThreadFactory.java:144)
	at java.lang.Thread.run(Thread.java:745)
2017-01-04 15:53:28  [ nioEventLoopGroup-2-2:1 ] - [ WARN ]  Failed to release a message: PooledUnsafeDirectByteBuf(freed)
io.netty.util.IllegalReferenceCountException: refCnt: 0, decrement: 1
	at io.netty.buffer.AbstractReferenceCountedByteBuf.release0(AbstractReferenceCountedByteBuf.java:110)
	at io.netty.buffer.AbstractReferenceCountedByteBuf.release(AbstractReferenceCountedByteBuf.java:98)
	at io.netty.util.ReferenceCountUtil.release(ReferenceCountUtil.java:84)
	at io.netty.util.ReferenceCountUtil.safeRelease(ReferenceCountUtil.java:109)
	at io.netty.channel.ChannelOutboundBuffer.remove(ChannelOutboundBuffer.java:261)
	at io.netty.channel.nio.AbstractNioByteChannel.doWrite(AbstractNioByteChannel.java:173)
	at io.netty.channel.socket.nio.NioSocketChannel.doWrite(NioSocketChannel.java:405)
	at io.netty.channel.AbstractChannel$AbstractUnsafe.flush0(AbstractChannel.java:856)
	at io.netty.channel.nio.AbstractNioChannel$AbstractNioUnsafe.flush0(AbstractNioChannel.java:362)
	at io.netty.channel.AbstractChannel$AbstractUnsafe.flush(AbstractChannel.java:823)
	at io.netty.channel.DefaultChannelPipeline$HeadContext.flush(DefaultChannelPipeline.java:1296)
	at io.netty.channel.AbstractChannelHandlerContext.invokeFlush0(AbstractChannelHandlerContext.java:787)
	at io.netty.channel.AbstractChannelHandlerContext.invokeWriteAndFlush(AbstractChannelHandlerContext.java:813)
	at io.netty.channel.AbstractChannelHandlerContext.write(AbstractChannelHandlerContext.java:825)
	at io.netty.channel.AbstractChannelHandlerContext.writeAndFlush(AbstractChannelHandlerContext.java:805)
	at io.netty.channel.AbstractChannelHandlerContext.writeAndFlush(AbstractChannelHandlerContext.java:842)
	at com.wxmimperio.netty.server.EchoServerHandler.channelReadComplete(EchoServerHandler.java:34)
	at io.netty.channel.AbstractChannelHandlerContext.invokeChannelReadComplete(AbstractChannelHandlerContext.java:409)
	at io.netty.channel.AbstractChannelHandlerContext.invokeChannelReadComplete(AbstractChannelHandlerContext.java:391)
	at io.netty.channel.AbstractChannelHandlerContext.fireChannelReadComplete(AbstractChannelHandlerContext.java:384)
	at io.netty.channel.DefaultChannelPipeline$HeadContext.channelReadComplete(DefaultChannelPipeline.java:1339)
	at io.netty.channel.AbstractChannelHandlerContext.invokeChannelReadComplete(AbstractChannelHandlerContext.java:409)
	at io.netty.channel.AbstractChannelHandlerContext.invokeChannelReadComplete(AbstractChannelHandlerContext.java:391)
	at io.netty.channel.DefaultChannelPipeline.fireChannelReadComplete(DefaultChannelPipeline.java:932)
	at io.netty.channel.nio.AbstractNioByteChannel$NioByteUnsafe.read(AbstractNioByteChannel.java:134)
	at io.netty.channel.nio.NioEventLoop.processSelectedKey(NioEventLoop.java:651)
	at io.netty.channel.nio.NioEventLoop.processSelectedKeysOptimized(NioEventLoop.java:574)
	at io.netty.channel.nio.NioEventLoop.processSelectedKeys(NioEventLoop.java:488)
	at io.netty.channel.nio.NioEventLoop.run(NioEventLoop.java:450)
	at io.netty.util.concurrent.SingleThreadEventExecutor$5.run(SingleThreadEventExecutor.java:873)
	at io.netty.util.concurrent.DefaultThreadFactory$DefaultRunnableDecorator.run(DefaultThreadFactory.java:144)
	at java.lang.Thread.run(Thread.java:745)
